<?xml version="1.0"?>
<testsuites>
  <testsuite name="PhantomJS 1.9.8 (Mac OS X)" package="" timestamp="2014-12-09T00:13:07" id="0" hostname="Gulaugurs-MacBook-Pro.local" tests="13" errors="0" failures="2" time="0.056">
    <properties>
      <property name="browser.fullName" value="Mozilla/5.0 (Macintosh; Intel Mac OS X) AppleWebKit/534.34 (KHTML, like Gecko) PhantomJS/1.9.8 Safari/534.34"/>
    </properties>
    <testcase name="should post variables from scope for guid, name and userName and process resulting events, and assign me to X" time="0.018" classname="PhantomJS 1.9.8 (Mac OS X).Controller: CreateGameCtrl"/>
    <testcase name="should attach a list of things to the scope" time="0.004" classname="PhantomJS 1.9.8 (Mac OS X).Controller: MainCtrl"/>
    <testcase name="should generate join url" time="0.006" classname="PhantomJS 1.9.8 (Mac OS X).Controller: TictactoeControllerCtrl"/>
    <testcase name="should init creator to side X" time="0.003" classname="PhantomJS 1.9.8 (Mac OS X).Controller: TictactoeControllerCtrl"/>
    <testcase name="should init joiner to side O" time="0.003" classname="PhantomJS 1.9.8 (Mac OS X).Controller: TictactoeControllerCtrl"/>
    <testcase name="should post side from current user" time="0.003" classname="PhantomJS 1.9.8 (Mac OS X).Controller: TictactoeControllerCtrl">
      <failure type="">Error: No pending request to flush !
        at /Users/gulli/src/ru/tictactoe/client/bower_components/angular-mocks/angular-mocks.js:1524
        at /Users/gulli/src/ru/tictactoe/client/app/tictactoeController/tictactoeController.controller.spec.js:105
      </failure>
      <failure type="">Error: Unsatisfied requests: POST /api/placeMove/
        at /Users/gulli/src/ru/tictactoe/client/bower_components/angular-mocks/angular-mocks.js:1557
        at /Users/gulli/src/ru/tictactoe/client/app/tictactoeController/tictactoeController.controller.spec.js:24
      </failure>
    </testcase>
    <testcase name="should post side from current user" time="0.002" classname="PhantomJS 1.9.8 (Mac OS X).Controller: TictactoeControllerCtrl">
      <failure type="">Error: No pending request to flush !
        at /Users/gulli/src/ru/tictactoe/client/bower_components/angular-mocks/angular-mocks.js:1524
        at /Users/gulli/src/ru/tictactoe/client/app/tictactoeController/tictactoeController.controller.spec.js:148
      </failure>
      <failure type="">Error: Unsatisfied requests: POST /api/placeMove/
        at /Users/gulli/src/ru/tictactoe/client/bower_components/angular-mocks/angular-mocks.js:1557
        at /Users/gulli/src/ru/tictactoe/client/app/tictactoeController/tictactoeController.controller.spec.js:24
      </failure>
    </testcase>
    <testcase name="Should add other player to game state when gameJoined" time="0.002" classname="PhantomJS 1.9.8 (Mac OS X).Factory: TictacToeState"/>
    <testcase name="Should store game id and name from game created in game state." time="0.006" classname="PhantomJS 1.9.8 (Mac OS X).Factory: TictacToeState"/>
    <testcase name="Should add moves 0,1 to game board" time="0.003" classname="PhantomJS 1.9.8 (Mac OS X).Factory: TictacToeState"/>
    <testcase name="Should add move 2,2 to board." time="0.002" classname="PhantomJS 1.9.8 (Mac OS X).Factory: TictacToeState"/>
    <testcase name="Should mark nextTurn as opposite from last event." time="0.002" classname="PhantomJS 1.9.8 (Mac OS X).Factory: TictacToeState"/>
    <testcase name="Should mark myTurn false if last event was from my side." time="0.002" classname="PhantomJS 1.9.8 (Mac OS X).Factory: TictacToeState"/>
    <system-out><![CDATA[
]]></system-out>
    <system-err/>
  </testsuite>
</testsuites>
