<?xml version="1.0"?>
<testsuites>
  <testsuite name="PhantomJS 1.9.8 (Mac OS X)" package="" timestamp="2014-12-05T11:48:22" id="0" hostname="Gulaugurs-MacBook-Pro.local" tests="3" errors="0" failures="0" time="0.024">
    <properties>
      <property name="browser.fullName" value="Mozilla/5.0 (Macintosh; Intel Mac OS X) AppleWebKit/534.34 (KHTML, like Gecko) PhantomJS/1.9.8 Safari/534.34"/>
    </properties>
    <testcase name="should attach a list of things to the scope" time="0.016" classname="PhantomJS 1.9.8 (Mac OS X).Controller: MainCtrl"/>
    <testcase name="should make hidden element visible" time="0.006" classname="PhantomJS 1.9.8 (Mac OS X).Directive: tictactoe"/>
    <testcase name="should post variables from scope for name and userName and process resulting events" time="0.002" classname="PhantomJS 1.9.8 (Mac OS X).Controller: TictactoeControllerCtrl"/>
    <system-out><![CDATA[
]]></system-out>
    <system-err/>
  </testsuite>
</testsuites>
